{
  "numTotalTestSuites": 8,
  "numPassedTestSuites": 8,
  "numFailedTestSuites": 0,
  "numPendingTestSuites": 0,
  "numTotalTests": 16,
  "numPassedTests": 16,
  "numFailedTests": 0,
  "numPendingTests": 0,
  "numTodoTests": 0,
  "startTime": 1689041721005,
  "success": true,
  "testResults": [
    {
      "assertionResults": [
        {
          "ancestorTitles": [
            "",
            "adaptFetchInputs"
          ],
          "fullName": " adaptFetchInputs adds Authorization header to fetch inputs",
          "status": "passed",
          "title": "adds Authorization header to fetch inputs",
          "duration": 15,
          "failureMessages": []
        },
        {
          "ancestorTitles": [
            "",
            "adaptFetchInputs"
          ],
          "fullName": " adaptFetchInputs modifies request body to JSON string",
          "status": "passed",
          "title": "modifies request body to JSON string",
          "duration": 1,
          "failureMessages": []
        }
      ],
      "startTime": 1689041722662,
      "endTime": 1689041722678,
      "status": "passed",
      "message": "",
      "name": "/Users/tomhoward/Projects/very-fetching/packages/adapt-fetch-inputs/src/adapt-fetch-inputs.test.ts"
    },
    {
      "assertionResults": [
        {
          "ancestorTitles": [
            "",
            "decorateFetch"
          ],
          "fullName": " decorateFetch returns an ExtendedResponse object",
          "status": "passed",
          "title": "returns an ExtendedResponse object",
          "duration": 3,
          "failureMessages": []
        },
        {
          "ancestorTitles": [
            "",
            "decorateFetch"
          ],
          "fullName": " decorateFetch adds custom header to response",
          "status": "passed",
          "title": "adds custom header to response",
          "duration": 16,
          "failureMessages": []
        },
        {
          "ancestorTitles": [
            "",
            "decorateFetch"
          ],
          "fullName": " decorateFetch replaces response body with custom string",
          "status": "passed",
          "title": "replaces response body with custom string",
          "duration": 8,
          "failureMessages": []
        },
        {
          "ancestorTitles": [
            "",
            "decorateFetch"
          ],
          "fullName": " decorateFetch handles 404 error and returns custom error message",
          "status": "passed",
          "title": "handles 404 error and returns custom error message",
          "duration": 15,
          "failureMessages": []
        }
      ],
      "startTime": 1689041722814,
      "endTime": 1689041722856,
      "status": "passed",
      "message": "",
      "name": "/Users/tomhoward/Projects/very-fetching/packages/decorate-fetch-response/src/decorate-fetch-response.test.ts"
    },
    {
      "assertionResults": [
        {
          "ancestorTitles": [
            "",
            "wrapFetch"
          ],
          "fullName": " wrapFetch wraps fetch with a custom wrapper function",
          "status": "passed",
          "title": "wraps fetch with a custom wrapper function",
          "duration": 16,
          "failureMessages": []
        },
        {
          "ancestorTitles": [
            "",
            "wrapFetch"
          ],
          "fullName": " wrapFetch passes all arguments to the wrapper function",
          "status": "passed",
          "title": "passes all arguments to the wrapper function",
          "duration": 67,
          "failureMessages": []
        },
        {
          "ancestorTitles": [
            "",
            "wrapFetch"
          ],
          "fullName": " wrapFetch adds custom headers to requests",
          "status": "passed",
          "title": "adds custom headers to requests",
          "duration": 6,
          "failureMessages": []
        },
        {
          "ancestorTitles": [
            "",
            "wrapFetch"
          ],
          "fullName": " wrapFetch caches responses",
          "status": "passed",
          "title": "caches responses",
          "duration": 1,
          "failureMessages": []
        },
        {
          "ancestorTitles": [
            "",
            "wrapFetch"
          ],
          "fullName": " wrapFetch logs requests and responses",
          "status": "passed",
          "title": "logs requests and responses",
          "duration": 0,
          "failureMessages": []
        },
        {
          "ancestorTitles": [
            "",
            "wrapFetch"
          ],
          "fullName": " wrapFetch transforms responses",
          "status": "passed",
          "title": "transforms responses",
          "duration": 7,
          "failureMessages": []
        },
        {
          "ancestorTitles": [
            "",
            "wrapFetch"
          ],
          "fullName": " wrapFetch handles errors",
          "status": "passed",
          "title": "handles errors",
          "duration": 2,
          "failureMessages": []
        }
      ],
      "startTime": 1689041722867,
      "endTime": 1689041722966,
      "status": "passed",
      "message": "",
      "name": "/Users/tomhoward/Projects/very-fetching/packages/wrap-fetch/src/wrap-fetch.test.ts"
    },
    {
      "assertionResults": [
        {
          "ancestorTitles": [
            "",
            "xo-config"
          ],
          "fullName": " xo-config should be a valid ESLint configuration",
          "status": "passed",
          "title": "should be a valid ESLint configuration",
          "duration": 84,
          "failureMessages": []
        },
        {
          "ancestorTitles": [
            "",
            "xo-config"
          ],
          "fullName": " xo-config secret should cause error",
          "status": "passed",
          "title": "secret should cause error",
          "duration": 8,
          "failureMessages": []
        },
        {
          "ancestorTitles": [
            "",
            "xo-config"
          ],
          "fullName": " xo-config ignored secret should not cause error",
          "status": "passed",
          "title": "ignored secret should not cause error",
          "duration": 8,
          "failureMessages": []
        }
      ],
      "startTime": 1689041723163,
      "endTime": 1689041723263,
      "status": "passed",
      "message": "",
      "name": "/Users/tomhoward/Projects/very-fetching/packages/xo-config/src/xo-config.test.ts"
    }
  ]
}